[18:32:49] [Server thread/INFO]: Starting minecraft server version 1.12.2
[18:32:49] [Server thread/INFO]: Loading properties
[18:32:49] [Server console handler/ERROR]: Exception handling console input
java.io.IOException: The handle is invalid
	at java.io.FileInputStream.readBytes(Native Method) ~[?:1.8.0_161]
	at java.io.FileInputStream.read(Unknown Source) ~[?:1.8.0_161]
	at java.io.BufferedInputStream.read1(Unknown Source) ~[?:1.8.0_161]
	at java.io.BufferedInputStream.read(Unknown Source) ~[?:1.8.0_161]
	at sun.nio.cs.StreamDecoder.readBytes(Unknown Source) ~[?:1.8.0_161]
	at sun.nio.cs.StreamDecoder.implRead(Unknown Source) ~[?:1.8.0_161]
	at sun.nio.cs.StreamDecoder.read(Unknown Source) ~[?:1.8.0_161]
	at java.io.InputStreamReader.read(Unknown Source) ~[?:1.8.0_161]
	at java.io.BufferedReader.fill(Unknown Source) ~[?:1.8.0_161]
	at java.io.BufferedReader.readLine(Unknown Source) ~[?:1.8.0_161]
	at java.io.BufferedReader.readLine(Unknown Source) ~[?:1.8.0_161]
	at nz$2.run(SourceFile:100) [minecraft_server.1.12.2.jar:?]
[18:32:49] [Server thread/INFO]: Default game type: SURVIVAL
[18:32:49] [Server thread/INFO]: Generating keypair
[18:32:50] [Server thread/INFO]: Starting Minecraft server on *:25565
[18:32:50] [Server thread/INFO]: Using default channel type
[18:32:51] [Server thread/WARN]: **** SERVER IS RUNNING IN OFFLINE/INSECURE MODE!
[18:32:51] [Server thread/WARN]: The server will make no attempt to authenticate usernames. Beware.
[18:32:51] [Server thread/WARN]: While this makes the game possible to play without internet access, it also opens up the ability for hackers to connect with any username they choose.
[18:32:51] [Server thread/WARN]: To change this, set "online-mode" to "true" in the server.properties file.
[18:32:51] [Server thread/INFO]: Preparing level "-_-"
[18:32:52] [Server thread/INFO]: Loaded 488 advancements
[18:32:52] [Server thread/INFO]: Preparing start region for level 0
[18:32:55] [Server thread/INFO]: Preparing spawn area: 0%
[18:32:56] [Server thread/INFO]: Preparing spawn area: 4%
