[00:02:16] [Server thread/WARN]: Keeping entity minecraft:pig that already exists with UUID 139ae61b-58ac-43b6-b5dd-3b305f98256d
[00:02:20] [Server thread/WARN]: Keeping entity minecraft:pig that already exists with UUID 139ae61b-58ac-43b6-b5dd-3b305f98256d
[00:02:25] [Server thread/WARN]: Can't keep up! Did the system time change, or is the server overloaded? Running 2571ms behind, skipping 51 tick(s)
[00:05:41] [Server thread/WARN]: Keeping entity minecraft:pig that already exists with UUID 139ae61b-58ac-43b6-b5dd-3b305f98256d
[00:07:52] [Server thread/INFO]: [Eclipse0204: Teleported Eclipse0204 to xan]
[00:08:00] [Server thread/WARN]: Can't keep up! Did the system time change, or is the server overloaded? Running 2182ms behind, skipping 43 tick(s)
[00:08:19] [Server thread/WARN]: Can't keep up! Did the system time change, or is the server overloaded? Running 3723ms behind, skipping 74 tick(s)
[00:08:26] [Server thread/WARN]: Keeping entity minecraft:pig that already exists with UUID 139ae61b-58ac-43b6-b5dd-3b305f98256d
[00:08:40] [Server thread/WARN]: Can't keep up! Did the system time change, or is the server overloaded? Running 2247ms behind, skipping 44 tick(s)
[00:08:56] [Server thread/WARN]: Can't keep up! Did the system time change, or is the server overloaded? Running 2588ms behind, skipping 51 tick(s)
[00:18:13] [Server thread/WARN]: Can't keep up! Did the system time change, or is the server overloaded? Running 2286ms behind, skipping 45 tick(s)
[00:18:31] [Server thread/WARN]: Can't keep up! Did the system time change, or is the server overloaded? Running 2002ms behind, skipping 40 tick(s)
[00:18:49] [Server thread/WARN]: Can't keep up! Did the system time change, or is the server overloaded? Running 3713ms behind, skipping 74 tick(s)
[00:19:09] [Server thread/WARN]: Can't keep up! Did the system time change, or is the server overloaded? Running 4781ms behind, skipping 95 tick(s)
[00:19:23] [Server thread/WARN]: Can't keep up! Did the system time change, or is the server overloaded? Running 4084ms behind, skipping 81 tick(s)
[00:19:46] [Server thread/WARN]: Can't keep up! Did the system time change, or is the server overloaded? Running 7226ms behind, skipping 144 tick(s)
[00:20:00] [Server thread/WARN]: Can't keep up! Did the system time change, or is the server overloaded? Running 5588ms behind, skipping 111 tick(s)
[00:20:14] [Server thread/WARN]: Can't keep up! Did the system time change, or is the server overloaded? Running 2184ms behind, skipping 43 tick(s)
[00:20:40] [Server thread/WARN]: Can't keep up! Did the system time change, or is the server overloaded? Running 10286ms behind, skipping 205 tick(s)
[00:20:55] [Server thread/WARN]: Can't keep up! Did the system time change, or is the server overloaded? Running 7077ms behind, skipping 141 tick(s)
[00:21:07] [Server thread/WARN]: Can't keep up! Did the system time change, or is the server overloaded? Running 2367ms behind, skipping 47 tick(s)
[00:21:26] [Server thread/WARN]: Can't keep up! Did the system time change, or is the server overloaded? Running 3928ms behind, skipping 78 tick(s)
[00:21:49] [Server thread/WARN]: Can't keep up! Did the system time change, or is the server overloaded? Running 9678ms behind, skipping 193 tick(s)
[00:21:55] [Server thread/WARN]: Eclipse0204 moved too quickly! -10.1337816509035,1.4199999868869781,-0.6911650120576951
[00:22:11] [Server thread/WARN]: Can't keep up! Did the system time change, or is the server overloaded? Running 10987ms behind, skipping 219 tick(s)
[00:22:26] [Server thread/WARN]: Eclipse0204 moved too quickly! -155.00066595828315,-4.0,-455.38292090943884
[00:22:31] [Server thread/WARN]: Can't keep up! Did the system time change, or is the server overloaded? Running 15157ms behind, skipping 303 tick(s)
[00:22:36] [Server thread/WARN]: Can't keep up! Did the system time change, or is the server overloaded? Running 2308ms behind, skipping 46 tick(s)
[00:22:43] [Server thread/INFO]: [Eclipse0204: Game rule keepInventory has been updated to true]
[00:22:53] [Server thread/WARN]: Can't keep up! Did the system time change, or is the server overloaded? Running 4821ms behind, skipping 96 tick(s)
[00:23:15] [Server thread/WARN]: Can't keep up! Did the system time change, or is the server overloaded? Running 6442ms behind, skipping 128 tick(s)
[00:23:27] [Server thread/WARN]: Can't keep up! Did the system time change, or is the server overloaded? Running 3239ms behind, skipping 64 tick(s)
[00:24:38] [Server thread/WARN]: Can't keep up! Did the system time change, or is the server overloaded? Running 2386ms behind, skipping 47 tick(s)
[00:24:54] [Server thread/WARN]: Can't keep up! Did the system time change, or is the server overloaded? Running 3262ms behind, skipping 65 tick(s)
[00:24:59] [Server thread/WARN]: Keeping entity minecraft:pig that already exists with UUID 139ae61b-58ac-43b6-b5dd-3b305f98256d
[00:25:01] [Server thread/WARN]: Eclipse0204 moved too quickly! 164.06244071379464,7.0,322.93880997658766
[00:25:05] [Server thread/INFO]: [Eclipse0204: Teleported Eclipse0204 to xan]
[00:25:16] [Server thread/WARN]: Can't keep up! Did the system time change, or is the server overloaded? Running 5568ms behind, skipping 111 tick(s)
[00:29:22] [Server thread/WARN]: Keeping entity minecraft:pig that already exists with UUID 139ae61b-58ac-43b6-b5dd-3b305f98256d
[00:36:03] [Server thread/WARN]: Keeping entity minecraft:pig that already exists with UUID 139ae61b-58ac-43b6-b5dd-3b305f98256d
[00:36:14] [Server thread/WARN]: Can't keep up! Did the system time change, or is the server overloaded? Running 2193ms behind, skipping 43 tick(s)
[00:36:43] [Server thread/WARN]: Can't keep up! Did the system time change, or is the server overloaded? Running 2802ms behind, skipping 56 tick(s)
[00:37:00] [Server thread/WARN]: Can't keep up! Did the system time change, or is the server overloaded? Running 3050ms behind, skipping 61 tick(s)
[00:37:17] [Server thread/WARN]: Can't keep up! Did the system time change, or is the server overloaded? Running 5292ms behind, skipping 105 tick(s)
[00:37:33] [Server thread/WARN]: Can't keep up! Did the system time change, or is the server overloaded? Running 3432ms behind, skipping 68 tick(s)
[00:37:51] [Server thread/WARN]: Can't keep up! Did the system time change, or is the server overloaded? Running 3052ms behind, skipping 61 tick(s)
[00:38:07] [Server thread/WARN]: Can't keep up! Did the system time change, or is the server overloaded? Running 2780ms behind, skipping 55 tick(s)
[00:38:31] [Server thread/WARN]: Can't keep up! Did the system time change, or is the server overloaded? Running 8251ms behind, skipping 165 tick(s)
[00:38:44] [Server thread/WARN]: Can't keep up! Did the system time change, or is the server overloaded? Running 3038ms behind, skipping 60 tick(s)
[00:39:06] [Server thread/WARN]: Can't keep up! Did the system time change, or is the server overloaded? Running 7175ms behind, skipping 143 tick(s)
[00:39:22] [Server thread/WARN]: Can't keep up! Did the system time change, or is the server overloaded? Running 5187ms behind, skipping 103 tick(s)
[00:39:49] [Server thread/WARN]: Can't keep up! Did the system time change, or is the server overloaded? Running 2405ms behind, skipping 48 tick(s)
[00:40:15] [Server thread/WARN]: Can't keep up! Did the system time change, or is the server overloaded? Running 10178ms behind, skipping 203 tick(s)
[00:40:31] [Server thread/WARN]: Can't keep up! Did the system time change, or is the server overloaded? Running 6733ms behind, skipping 134 tick(s)
[00:40:38] [Server thread/WARN]: Keeping entity minecraft:pig that already exists with UUID 139ae61b-58ac-43b6-b5dd-3b305f98256d
[00:41:02] [Server thread/WARN]: Can't keep up! Did the system time change, or is the server overloaded? Running 15301ms behind, skipping 306 tick(s)
[00:41:05] [Server thread/WARN]: Can't keep up! Did the system time change, or is the server overloaded? Running 2939ms behind, skipping 58 tick(s)
[00:41:27] [Server thread/WARN]: Can't keep up! Did the system time change, or is the server overloaded? Running 9595ms behind, skipping 191 tick(s)
[00:41:42] [Server thread/WARN]: Can't keep up! Did the system time change, or is the server overloaded? Running 6615ms behind, skipping 132 tick(s)
[00:41:51] [Server thread/WARN]: Keeping entity minecraft:pig that already exists with UUID 139ae61b-58ac-43b6-b5dd-3b305f98256d
[00:41:59] [Server thread/WARN]: Can't keep up! Did the system time change, or is the server overloaded? Running 6730ms behind, skipping 134 tick(s)
[00:42:16] [Server thread/WARN]: Can't keep up! Did the system time change, or is the server overloaded? Running 6274ms behind, skipping 125 tick(s)
[00:42:33] [Server thread/WARN]: Can't keep up! Did the system time change, or is the server overloaded? Running 5126ms behind, skipping 102 tick(s)
[00:43:01] [Server thread/WARN]: Can't keep up! Did the system time change, or is the server overloaded? Running 13224ms behind, skipping 264 tick(s)
[00:43:17] [Server thread/WARN]: Can't keep up! Did the system time change, or is the server overloaded? Running 10528ms behind, skipping 210 tick(s)
[00:43:31] [Server thread/WARN]: Can't keep up! Did the system time change, or is the server overloaded? Running 6548ms behind, skipping 130 tick(s)
[00:43:46] [Server thread/INFO]: [Eclipse0204: Teleported Eclipse0204 to xan]
[00:43:54] [Server thread/WARN]: Can't keep up! Did the system time change, or is the server overloaded? Running 6025ms behind, skipping 120 tick(s)
[00:44:59] [Server thread/WARN]: Can't keep up! Did the system time change, or is the server overloaded? Running 2264ms behind, skipping 45 tick(s)
[00:45:15] [Server thread/WARN]: Can't keep up! Did the system time change, or is the server overloaded? Running 2274ms behind, skipping 45 tick(s)
[00:45:33] [Server thread/WARN]: Can't keep up! Did the system time change, or is the server overloaded? Running 4985ms behind, skipping 99 tick(s)
[00:45:48] [Server thread/WARN]: Can't keep up! Did the system time change, or is the server overloaded? Running 3402ms behind, skipping 68 tick(s)
[00:46:02] [Server thread/WARN]: Can't keep up! Did the system time change, or is the server overloaded? Running 2056ms behind, skipping 41 tick(s)
[00:48:31] [Server thread/WARN]: Can't keep up! Did the system time change, or is the server overloaded? Running 2130ms behind, skipping 42 tick(s)
[00:49:20] [Server thread/WARN]: Can't keep up! Did the system time change, or is the server overloaded? Running 2240ms behind, skipping 44 tick(s)
[00:55:13] [Server thread/WARN]: Keeping entity minecraft:pig that already exists with UUID 139ae61b-58ac-43b6-b5dd-3b305f98256d
[00:58:17] [Server thread/WARN]: Can't keep up! Did the system time change, or is the server overloaded? Running 2012ms behind, skipping 40 tick(s)
[01:00:39] [Server thread/WARN]: Keeping entity minecraft:pig that already exists with UUID 139ae61b-58ac-43b6-b5dd-3b305f98256d
[01:00:40] [Server thread/WARN]: Can't keep up! Did the system time change, or is the server overloaded? Running 3082ms behind, skipping 61 tick(s)
[01:00:59] [Server thread/WARN]: Can't keep up! Did the system time change, or is the server overloaded? Running 3300ms behind, skipping 66 tick(s)
[01:02:03] [Server thread/WARN]: Can't keep up! Did the system time change, or is the server overloaded? Running 2129ms behind, skipping 42 tick(s)
[01:02:36] [Server thread/WARN]: Can't keep up! Did the system time change, or is the server overloaded? Running 2836ms behind, skipping 56 tick(s)
[01:05:36] [Server thread/WARN]: Can't keep up! Did the system time change, or is the server overloaded? Running 2668ms behind, skipping 53 tick(s)
[01:05:54] [Server thread/WARN]: Can't keep up! Did the system time change, or is the server overloaded? Running 2976ms behind, skipping 59 tick(s)
[01:06:09] [Server thread/WARN]: Can't keep up! Did the system time change, or is the server overloaded? Running 2927ms behind, skipping 58 tick(s)
[01:06:58] [Server thread/WARN]: Can't keep up! Did the system time change, or is the server overloaded? Running 2031ms behind, skipping 40 tick(s)
[01:07:09] [Server thread/WARN]: Eclipse0204 moved too quickly! 1.4191184054381552,0.0,-10.163187131798878
[01:07:17] [Server thread/WARN]: Can't keep up! Did the system time change, or is the server overloaded? Running 3866ms behind, skipping 77 tick(s)
[01:07:32] [Server thread/WARN]: Can't keep up! Did the system time change, or is the server overloaded? Running 2710ms behind, skipping 54 tick(s)
[01:07:57] [Server thread/WARN]: Can't keep up! Did the system time change, or is the server overloaded? Running 2263ms behind, skipping 45 tick(s)
[01:08:18] [Server thread/WARN]: Can't keep up! Did the system time change, or is the server overloaded? Running 2486ms behind, skipping 49 tick(s)
[01:09:00] [Server thread/WARN]: Can't keep up! Did the system time change, or is the server overloaded? Running 3158ms behind, skipping 63 tick(s)
[01:09:21] [Server thread/WARN]: Can't keep up! Did the system time change, or is the server overloaded? Running 2690ms behind, skipping 53 tick(s)
[01:09:41] [Server thread/WARN]: Can't keep up! Did the system time change, or is the server overloaded? Running 2235ms behind, skipping 44 tick(s)
[01:10:00] [Server thread/WARN]: Can't keep up! Did the system time change, or is the server overloaded? Running 3886ms behind, skipping 77 tick(s)
[01:10:18] [Server thread/WARN]: Can't keep up! Did the system time change, or is the server overloaded? Running 4124ms behind, skipping 82 tick(s)
[01:10:48] [Server thread/WARN]: Can't keep up! Did the system time change, or is the server overloaded? Running 3216ms behind, skipping 64 tick(s)
[01:11:03] [Server thread/WARN]: Can't keep up! Did the system time change, or is the server overloaded? Running 2496ms behind, skipping 49 tick(s)
[01:11:23] [Server thread/WARN]: Can't keep up! Did the system time change, or is the server overloaded? Running 4907ms behind, skipping 98 tick(s)
[01:11:46] [Server thread/WARN]: Can't keep up! Did the system time change, or is the server overloaded? Running 2141ms behind, skipping 42 tick(s)
[01:12:05] [Server thread/WARN]: Can't keep up! Did the system time change, or is the server overloaded? Running 4434ms behind, skipping 88 tick(s)
[01:12:19] [Server thread/WARN]: Can't keep up! Did the system time change, or is the server overloaded? Running 2108ms behind, skipping 42 tick(s)
[01:12:35] [Server thread/WARN]: Can't keep up! Did the system time change, or is the server overloaded? Running 2217ms behind, skipping 44 tick(s)
[01:12:52] [Server thread/WARN]: Can't keep up! Did the system time change, or is the server overloaded? Running 3634ms behind, skipping 72 tick(s)
[01:13:09] [Server thread/WARN]: Can't keep up! Did the system time change, or is the server overloaded? Running 3860ms behind, skipping 77 tick(s)
[01:13:30] [Server thread/WARN]: Can't keep up! Did the system time change, or is the server overloaded? Running 6508ms behind, skipping 130 tick(s)
[01:13:42] [Server thread/WARN]: Can't keep up! Did the system time change, or is the server overloaded? Running 2355ms behind, skipping 47 tick(s)
[01:14:03] [Server thread/WARN]: Can't keep up! Did the system time change, or is the server overloaded? Running 5882ms behind, skipping 117 tick(s)
[01:14:20] [Server thread/WARN]: Can't keep up! Did the system time change, or is the server overloaded? Running 2238ms behind, skipping 44 tick(s)
[01:15:53] [Server thread/WARN]: Can't keep up! Did the system time change, or is the server overloaded? Running 2623ms behind, skipping 52 tick(s)
[01:16:48] [Server thread/WARN]: Can't keep up! Did the system time change, or is the server overloaded? Running 2595ms behind, skipping 51 tick(s)
[01:17:05] [Server thread/WARN]: Can't keep up! Did the system time change, or is the server overloaded? Running 2981ms behind, skipping 59 tick(s)
[01:18:55] [Server thread/WARN]: Can't keep up! Did the system time change, or is the server overloaded? Running 2161ms behind, skipping 43 tick(s)
[01:20:01] [Server thread/WARN]: Can't keep up! Did the system time change, or is the server overloaded? Running 2051ms behind, skipping 41 tick(s)
[01:20:19] [Server thread/WARN]: Can't keep up! Did the system time change, or is the server overloaded? Running 2971ms behind, skipping 59 tick(s)
[01:22:08] [Server thread/WARN]: Can't keep up! Did the system time change, or is the server overloaded? Running 2538ms behind, skipping 50 tick(s)
[01:22:28] [Server thread/WARN]: Can't keep up! Did the system time change, or is the server overloaded? Running 4751ms behind, skipping 95 tick(s)
[01:24:01] [Server thread/WARN]: Can't keep up! Did the system time change, or is the server overloaded? Running 3761ms behind, skipping 75 tick(s)
[01:24:20] [Server thread/WARN]: Can't keep up! Did the system time change, or is the server overloaded? Running 3842ms behind, skipping 76 tick(s)
[01:24:51] [Server thread/WARN]: Can't keep up! Did the system time change, or is the server overloaded? Running 2592ms behind, skipping 51 tick(s)
[01:25:08] [Server thread/WARN]: Can't keep up! Did the system time change, or is the server overloaded? Running 2224ms behind, skipping 44 tick(s)
[01:25:40] [Server thread/INFO]: xan lost connection: You logged in from another location
[01:25:40] [Server thread/INFO]: xan left the game
[01:25:40] [Server thread/INFO]: xan[/169.254.8.164:50056] logged in with entity id 206880 at (167.5706988304016, 10.0, 181.9045647025111)
[01:25:40] [Server thread/INFO]: xan joined the game
[01:25:48] [Server thread/WARN]: Can't keep up! Did the system time change, or is the server overloaded? Running 2530ms behind, skipping 50 tick(s)
[01:26:18] [Server thread/WARN]: Can't keep up! Did the system time change, or is the server overloaded? Running 8914ms behind, skipping 178 tick(s)
[01:26:29] [Server thread/WARN]: Can't keep up! Did the system time change, or is the server overloaded? Running 3556ms behind, skipping 71 tick(s)
[01:26:59] [Server thread/WARN]: Can't keep up! Did the system time change, or is the server overloaded? Running 18356ms behind, skipping 367 tick(s)
[01:27:02] [Server thread/WARN]: Eclipse0204 moved too quickly! 1.9494636672455954,-1.495200877005928,9.90786319129262
[01:27:05] [Server thread/WARN]: Can't keep up! Did the system time change, or is the server overloaded? Running 6064ms behind, skipping 121 tick(s)
[01:27:21] [Server thread/WARN]: Keeping entity minecraft:pig that already exists with UUID 139ae61b-58ac-43b6-b5dd-3b305f98256d
[01:27:30] [Server thread/WARN]: Can't keep up! Did the system time change, or is the server overloaded? Running 15445ms behind, skipping 308 tick(s)
[01:27:33] [Server thread/WARN]: Can't keep up! Did the system time change, or is the server overloaded? Running 2972ms behind, skipping 59 tick(s)
[01:28:15] [Server thread/WARN]: Can't keep up! Did the system time change, or is the server overloaded? Running 25563ms behind, skipping 511 tick(s)
[01:28:18] [Server thread/WARN]: Can't keep up! Did the system time change, or is the server overloaded? Running 3540ms behind, skipping 70 tick(s)
[01:28:40] [Server thread/WARN]: Keeping entity minecraft:pig that already exists with UUID 139ae61b-58ac-43b6-b5dd-3b305f98256d
[01:28:50] [Server thread/WARN]: Keeping entity minecraft:pig that already exists with UUID 139ae61b-58ac-43b6-b5dd-3b305f98256d
[01:29:04] [Server thread/WARN]: Can't keep up! Did the system time change, or is the server overloaded? Running 28565ms behind, skipping 571 tick(s)
[01:29:08] [Server thread/WARN]: Can't keep up! Did the system time change, or is the server overloaded? Running 3113ms behind, skipping 62 tick(s)
[01:29:43] [Server thread/WARN]: Can't keep up! Did the system time change, or is the server overloaded? Running 15466ms behind, skipping 309 tick(s)
[01:29:47] [Server thread/WARN]: Can't keep up! Did the system time change, or is the server overloaded? Running 3726ms behind, skipping 74 tick(s)
[01:30:15] [Server thread/WARN]: Can't keep up! Did the system time change, or is the server overloaded? Running 11904ms behind, skipping 238 tick(s)
[01:30:24] [Server thread/WARN]: Can't keep up! Did the system time change, or is the server overloaded? Running 5132ms behind, skipping 102 tick(s)
[01:30:48] [Server thread/WARN]: Can't keep up! Did the system time change, or is the server overloaded? Running 8116ms behind, skipping 162 tick(s)
[01:31:04] [Server thread/WARN]: Can't keep up! Did the system time change, or is the server overloaded? Running 7333ms behind, skipping 146 tick(s)
[01:31:24] [Server thread/WARN]: Can't keep up! Did the system time change, or is the server overloaded? Running 9116ms behind, skipping 182 tick(s)
[01:31:37] [Server thread/WARN]: Can't keep up! Did the system time change, or is the server overloaded? Running 4742ms behind, skipping 94 tick(s)
[01:31:44] [Server thread/WARN]: Keeping entity minecraft:pig that already exists with UUID 139ae61b-58ac-43b6-b5dd-3b305f98256d
[01:32:04] [Server thread/WARN]: Can't keep up! Did the system time change, or is the server overloaded? Running 14346ms behind, skipping 286 tick(s)
[01:32:11] [Server thread/WARN]: Can't keep up! Did the system time change, or is the server overloaded? Running 3761ms behind, skipping 75 tick(s)
[01:32:19] [Server thread/WARN]: xan moved too quickly! 1.7599041523677101,2.0,9.85864001116721
[01:32:31] [Server thread/WARN]: Can't keep up! Did the system time change, or is the server overloaded? Running 8249ms behind, skipping 164 tick(s)
[01:32:38] [Server thread/INFO]: [Eclipse0204: Teleported Eclipse0204 to xan]
[01:32:43] [Server thread/WARN]: Can't keep up! Did the system time change, or is the server overloaded? Running 3608ms behind, skipping 72 tick(s)
[01:34:06] [Server thread/WARN]: Can't keep up! Did the system time change, or is the server overloaded? Running 3895ms behind, skipping 77 tick(s)
[01:34:39] [Server thread/WARN]: Can't keep up! Did the system time change, or is the server overloaded? Running 2531ms behind, skipping 50 tick(s)
[01:34:56] [Server thread/WARN]: Can't keep up! Did the system time change, or is the server overloaded? Running 2814ms behind, skipping 56 tick(s)
[01:35:23] [Server thread/WARN]: Can't keep up! Did the system time change, or is the server overloaded? Running 2446ms behind, skipping 48 tick(s)
[01:36:25] [Server Watchdog/FATAL]: A single server tick took 60.00 seconds (should be max 0.05)
[01:36:25] [Server Watchdog/FATAL]: Considering it to be crashed, server will forcibly shutdown.
[01:36:26] [Server Watchdog/ERROR]: This crash report has been saved to: C:\Users\lenovo\Documents\Server\.\crash-reports\crash-2018-08-03_01.36.26-server.txt
[01:36:26] [Server Shutdown Thread/INFO]: Stopping server
[01:36:26] [Server Shutdown Thread/INFO]: Saving players
